<?xml version="1.0" encoding="UTF-8"?>
<!-- Generated by org.testng.reporters.JUnitReportReporter -->
<testsuite hostname="DESKTOP-QB5O9P3" failures="0" tests="9" name="testNGkeywords.TestNGKeywords" time="0.020" errors="0" timestamp="2022-07-24T04:45:57 PDT" skipped="0">
  <testcase classname="testNGkeywords.TestNGKeywords" name="a" time="0.010"/>
  <system-out>
    <![CDATA[a method is running]]>
  </system-out>
  <testcase classname="testNGkeywords.TestNGKeywords" name="c" time="0.001"/>
  <system-out>
    <![CDATA[c method is running]]>
  </system-out>
  <testcase classname="testNGkeywords.TestNGKeywords" name="a" time="0.001"/>
  <system-out>
    <![CDATA[a method is running]]>
  </system-out>
  <testcase classname="testNGkeywords.TestNGKeywords" name="a" time="0.001"/>
  <system-out>
    <![CDATA[a method is running]]>
  </system-out>
  <testcase classname="testNGkeywords.TestNGKeywords" name="e" time="0.001"/>
  <system-out>
    <![CDATA[e method is running]]>
  </system-out>
  <testcase classname="testNGkeywords.TestNGKeywords" name="a" time="0.002"/>
  <system-out>
    <![CDATA[a method is running]]>
  </system-out>
  <testcase classname="testNGkeywords.TestNGKeywords" name="a" time="0.002"/>
  <system-out>
    <![CDATA[a method is running]]>
  </system-out>
  <testcase classname="testNGkeywords.TestNGKeywords" name="b" time="0.001"/>
  <system-out>
    <![CDATA[b method is running]]>
  </system-out>
  <testcase classname="testNGkeywords.TestNGKeywords" name="d" time="0.001"/>
  <system-out>
    <![CDATA[d method is running]]>
  </system-out>
</testsuite> <!-- testNGkeywords.TestNGKeywords -->
