<?xml version="1.0" encoding="UTF-8"?>
<!-- Generated by org.testng.reporters.JUnitReportReporter -->
<testsuite hostname="DESKTOP-QB5O9P3" failures="0" tests="1" name="serialExecutionOfTest.NewTest2ForSerialExecuter" time="3.488" errors="0" timestamp="2022-07-27T15:55:03 PDT" skipped="0">
  <testcase classname="serialExecutionOfTest.NewTest2ForSerialExecuter" name="facebooklaunch" time="3.488"/>
  <system-out>
    <![CDATA[Then Facebook Launch]]>
  </system-out>
</testsuite> <!-- serialExecutionOfTest.NewTest2ForSerialExecuter -->
