<?xml version="1.0" encoding="UTF-8"?>
<!-- Generated by org.testng.reporters.JUnitReportReporter -->
<testsuite hostname="DESKTOP-QB5O9P3" failures="0" tests="4" name="parellelExecutionOfTest.TestBParallelExecutionOfTC" time="0.015" errors="0" timestamp="2022-07-27T16:33:13 PDT" skipped="0">
  <testcase classname="parellelExecutionOfTest.TestBParallelExecutionOfTC" name="e" time="0.009"/>
  <system-out>
    <![CDATA[e is run]]>
  </system-out>
  <testcase classname="parellelExecutionOfTest.TestBParallelExecutionOfTC" name="f" time="0.002"/>
  <system-out>
    <![CDATA[f is run]]>
  </system-out>
  <testcase classname="parellelExecutionOfTest.TestBParallelExecutionOfTC" name="g" time="0.002"/>
  <system-out>
    <![CDATA[g is run]]>
  </system-out>
  <testcase classname="parellelExecutionOfTest.TestBParallelExecutionOfTC" name="h" time="0.002"/>
  <system-out>
    <![CDATA[h is run]]>
  </system-out>
</testsuite> <!-- parellelExecutionOfTest.TestBParallelExecutionOfTC -->
