<?xml version="1.0" encoding="UTF-8"?>
<!-- Generated by org.testng.reporters.JUnitReportReporter -->
<testsuite hostname="DESKTOP-QB5O9P3" failures="0" tests="1" name="parellelExecutionOfTest.NewTest2ForParellelExecution" time="5.136" errors="0" timestamp="2022-07-27T16:02:21 PDT" skipped="0">
  <testcase classname="parellelExecutionOfTest.NewTest2ForParellelExecution" name="faceboollaunch" time="5.136"/>
  <system-out>
    <![CDATA[kite and facebook Launch symaltaniously]]>
  </system-out>
</testsuite> <!-- parellelExecutionOfTest.NewTest2ForParellelExecution -->
