<?xml version="1.0" encoding="UTF-8"?>
<!-- Generated by org.testng.reporters.JUnitReportReporter -->
<testsuite hostname="DESKTOP-QB5O9P3" failures="0" tests="4" name="groupinginTestNG.B" time="0.003" errors="0" timestamp="2022-07-26T15:14:16 PDT" skipped="0">
  <testcase classname="groupinginTestNG.B" name="ballcompany" time="0.000"/>
  <system-out>
    <![CDATA[Ballcompany is sanity TC]]>
  </system-out>
  <testcase classname="groupinginTestNG.B" name="ballshape" time="0.001"/>
  <system-out>
    <![CDATA[Ballshape is sanity and SIT TC]]>
  </system-out>
  <testcase classname="groupinginTestNG.B" name="ballsize" time="0.000"/>
  <system-out>
    <![CDATA[Ballsize is retesting TC]]>
  </system-out>
  <testcase classname="groupinginTestNG.B" name="ballcolor" time="0.002"/>
  <system-out>
    <![CDATA[Ballcolor is sanity TC]]>
  </system-out>
</testsuite> <!-- groupinginTestNG.B -->
