<?xml version="1.0" encoding="UTF-8"?>
<!-- Generated by org.testng.reporters.JUnitReportReporter -->
<testsuite hostname="DESKTOP-QB5O9P3" failures="0" tests="2" name="testngstudy.TestNGAnnotationStudy" time="0.008" errors="0" timestamp="2022-07-22T11:18:57 PDT" skipped="0">
  <testcase classname="testngstudy.TestNGAnnotationStudy" name="validatepin" time="0.006"/>
  <system-out>
    <![CDATA[PIN is validate]]>
  </system-out>
  <testcase classname="testngstudy.TestNGAnnotationStudy" name="validateuserid" time="0.002"/>
  <system-out>
    <![CDATA[UserID is validate]]>
  </system-out>
</testsuite> <!-- testngstudy.TestNGAnnotationStudy -->
