<?xml version="1.0" encoding="UTF-8"?>
<!-- Generated by org.testng.reporters.JUnitReportReporter -->
<testsuite hostname="DESKTOP-QB5O9P3" failures="0" tests="1" name="validategmail.ValidateEmailID" time="0.021" errors="0" timestamp="2022-08-02T00:51:15 PDT" skipped="0">
  <testcase classname="validategmail.ValidateEmailID" name="validateemail" time="0.021"/>
  <system-out/>
</testsuite> <!-- validategmail.ValidateEmailID -->
