<?xml version="1.0" encoding="UTF-8"?>
<!-- Generated by org.testng.reporters.JUnitReportReporter -->
<testsuite hostname="DESKTOP-QB5O9P3" failures="0" tests="1" name="kiteAppPOMClassesForTestingUsingTestNG.KiteEndToEndTestingUsingTestNG" time="2.922" errors="0" timestamp="2022-07-30T15:33:53 PDT" skipped="0">
  <testcase classname="kiteAppPOMClassesForTestingUsingTestNG.KiteEndToEndTestingUsingTestNG" name="validateuserid" time="2.922"/>
  <system-out>
    <![CDATA[validating userID]]>
  </system-out>
</testsuite> <!-- kiteAppPOMClassesForTestingUsingTestNG.KiteEndToEndTestingUsingTestNG -->
