<?xml version="1.0" encoding="UTF-8"?>
<!-- Generated by org.testng.reporters.JUnitReportReporter -->
<testsuite hostname="DESKTOP-QB5O9P3" failures="0" tests="5" name="testNGkeywords.NewTest" time="0.014" errors="0" timestamp="2022-07-26T12:49:16 PDT" skipped="0">
  <testcase classname="testNGkeywords.NewTest" name="c" time="0.009"/>
  <system-out>
    <![CDATA[c is run]]>
  </system-out>
  <testcase classname="testNGkeywords.NewTest" name="e" time="0.002"/>
  <system-out>
    <![CDATA[e is run]]>
  </system-out>
  <testcase classname="testNGkeywords.NewTest" name="g" time="0.001"/>
  <system-out>
    <![CDATA[g is run]]>
  </system-out>
  <testcase classname="testNGkeywords.NewTest" name="a" time="0.001"/>
  <system-out>
    <![CDATA[a is run]]>
  </system-out>
  <testcase classname="testNGkeywords.NewTest" name="b" time="0.001"/>
  <system-out>
    <![CDATA[b is run]]>
  </system-out>
</testsuite> <!-- testNGkeywords.NewTest -->
