<?xml version="1.0" encoding="UTF-8"?>
<!-- Generated by org.testng.reporters.JUnitReportReporter -->
<testsuite hostname="DESKTOP-QB5O9P3" failures="0" tests="5" name="testNGkeywords.DependsOnMethodEg2" time="0.013" errors="0" timestamp="2022-07-26T12:29:26 PDT" skipped="0">
  <testcase classname="testNGkeywords.DependsOnMethodEg2" name="bg" time="0.009"/>
  <system-out>
    <![CDATA[bg]]>
  </system-out>
  <testcase classname="testNGkeywords.DependsOnMethodEg2" name="dc" time="0.001"/>
  <system-out>
    <![CDATA[dc]]>
  </system-out>
  <testcase classname="testNGkeywords.DependsOnMethodEg2" name="cd" time="0.001"/>
  <system-out>
    <![CDATA[cd]]>
  </system-out>
  <testcase classname="testNGkeywords.DependsOnMethodEg2" name="ef" time="0.001"/>
  <system-out>
    <![CDATA[ef]]>
  </system-out>
  <testcase classname="testNGkeywords.DependsOnMethodEg2" name="ad" time="0.001"/>
  <system-out>
    <![CDATA[ad]]>
  </system-out>
</testsuite> <!-- testNGkeywords.DependsOnMethodEg2 -->
