<?xml version="1.0" encoding="UTF-8"?>
<!-- Generated by org.testng.reporters.JUnitReportReporter -->
<testsuite hostname="DESKTOP-QB5O9P3" failures="0" tests="2" name="kiteAppPOM.ValidateUserIDKiteApp" time="4.829" errors="0" timestamp="2022-08-04T16:05:18 PDT" skipped="0">
  <testcase classname="kiteAppPOM.ValidateUserIDKiteApp" name="validateuserid" time="2.381"/>
  <system-out>
    <![CDATA[Validating userID]]>
  </system-out>
  <testcase classname="kiteAppPOM.ValidateUserIDKiteApp" name="validateuserid" time="2.448"/>
  <system-out>
    <![CDATA[Validating userID]]>
  </system-out>
</testsuite> <!-- kiteAppPOM.ValidateUserIDKiteApp -->
