<?xml version="1.0" encoding="UTF-8"?>
<!-- Generated by org.testng.reporters.JUnitReportReporter -->
<testsuite hostname="DESKTOP-QB5O9P3" failures="0" tests="5" name="groupinginTestNG.A" time="0.014" errors="0" timestamp="2022-07-26T15:19:34 PDT" skipped="0">
  <testcase classname="groupinginTestNG.A" name="password" time="0.001"/>
  <system-out>
    <![CDATA[password is run]]>
  </system-out>
  <testcase classname="groupinginTestNG.A" name="otp" time="0.001"/>
  <system-out>
    <![CDATA[OTP is run]]>
  </system-out>
  <testcase classname="groupinginTestNG.A" name="login" time="0.009"/>
  <system-out>
    <![CDATA[login is run]]>
  </system-out>
  <testcase classname="groupinginTestNG.A" name="pin" time="0.002"/>
  <system-out>
    <![CDATA[pin is run]]>
  </system-out>
  <testcase classname="groupinginTestNG.A" name="username" time="0.001"/>
  <system-out>
    <![CDATA[username is run]]>
  </system-out>
</testsuite> <!-- groupinginTestNG.A -->
