<?xml version="1.0" encoding="UTF-8"?>
<!-- Generated by org.testng.reporters.JUnitReportReporter -->
<testsuite hostname="DESKTOP-QB5O9P3" failures="0" tests="1" name="AssertStudyInTestNG.AssertEqualAndNotEqualEg2" time="13.947" errors="0" timestamp="2022-07-28T14:55:35 PDT" skipped="0">
  <testcase classname="AssertStudyInTestNG.AssertEqualAndNotEqualEg2" name="facebook" time="13.947"/>
  <system-out/>
</testsuite> <!-- AssertStudyInTestNG.AssertEqualAndNotEqualEg2 -->
