<?xml version="1.0" encoding="UTF-8"?>
<!-- Generated by org.testng.reporters.JUnitReportReporter -->
<testsuite hostname="DESKTOP-QB5O9P3" failures="0" tests="5" name="testNGkeywords.EnabledKeywordStudy" time="0.013" errors="0" timestamp="2022-07-24T05:14:01 PDT" skipped="2">
  <testcase classname="testNGkeywords.EnabledKeywordStudy" name="b" time="0.010"/>
  <system-out>
    <![CDATA[b method is Run]]>
  </system-out>
  <testcase classname="testNGkeywords.EnabledKeywordStudy" name="c" time="0.001"/>
  <system-out>
    <![CDATA[c method is Run]]>
  </system-out>
  <testcase classname="testNGkeywords.EnabledKeywordStudy" name="e" time="0.002"/>
  <system-out>
    <![CDATA[e method is Run]]>
  </system-out>
  <testcase classname="testNGkeywords.EnabledKeywordStudy" name="d">
    <skipped/>
  </testcase> <!-- d -->
  <system-out/>
  <testcase classname="testNGkeywords.EnabledKeywordStudy" name="a">
    <skipped/>
  </testcase> <!-- a -->
  <system-out/>
</testsuite> <!-- testNGkeywords.EnabledKeywordStudy -->
