<?xml version="1.0" encoding="UTF-8"?>
<!-- Generated by org.testng.reporters.JUnitReportReporter -->
<testsuite hostname="DESKTOP-QB5O9P3" failures="0" tests="1" name="kiteTestNG.TestNGTestClassPart2" time="3.834" errors="0" timestamp="2022-08-03T00:11:55 PDT" skipped="0">
  <testcase classname="kiteTestNG.TestNGTestClassPart2" name="validateuserid" time="3.834"/>
  <system-out/>
</testsuite> <!-- kiteTestNG.TestNGTestClassPart2 -->
