<?xml version="1.0" encoding="UTF-8"?>
<!-- Generated by org.testng.reporters.JUnitReportReporter -->
<testsuite hostname="DESKTOP-QB5O9P3" failures="0" tests="1" name="testSuiteStudy.NewTest2" time="0.001" errors="0" timestamp="2022-07-26T13:54:12 PDT" skipped="0">
  <testcase classname="testSuiteStudy.NewTest2" name="c" time="0.001"/>
  <system-out>
    <![CDATA[c is run]]>
  </system-out>
</testsuite> <!-- testSuiteStudy.NewTest2 -->
