<?xml version="1.0" encoding="UTF-8"?>
<!-- Generated by org.testng.reporters.JUnitReportReporter -->
<testsuite hostname="DESKTOP-QB5O9P3" failures="0" tests="4" name="howToRunFailedTCOnlyUsingTestNG.NewTestNGClass3" time="0.003" errors="0" timestamp="2022-08-12T16:05:12 PDT" skipped="0">
  <testcase classname="howToRunFailedTCOnlyUsingTestNG.NewTestNGClass3" name="q" time="0.000"/>
  <system-out>
    <![CDATA[q is run]]>
  </system-out>
  <testcase classname="howToRunFailedTCOnlyUsingTestNG.NewTestNGClass3" name="n" time="0.001"/>
  <system-out>
    <![CDATA[n is run]]>
  </system-out>
  <testcase classname="howToRunFailedTCOnlyUsingTestNG.NewTestNGClass3" name="p" time="0.001"/>
  <system-out>
    <![CDATA[p is run]]>
  </system-out>
  <testcase classname="howToRunFailedTCOnlyUsingTestNG.NewTestNGClass3" name="o" time="0.001"/>
  <system-out>
    <![CDATA[o is run]]>
  </system-out>
</testsuite> <!-- howToRunFailedTCOnlyUsingTestNG.NewTestNGClass3 -->
