<?xml version="1.0" encoding="UTF-8"?>
<!-- Generated by org.testng.reporters.JUnitReportReporter -->
<testsuite hostname="DESKTOP-QB5O9P3" failures="0" tests="5" name="testNGkeywords.PriorityKeywordStudy" time="0.012" errors="0" timestamp="2022-07-24T04:56:29 PDT" skipped="0">
  <testcase classname="testNGkeywords.PriorityKeywordStudy" name="b" time="0.010"/>
  <system-out>
    <![CDATA[b method is work]]>
  </system-out>
  <testcase classname="testNGkeywords.PriorityKeywordStudy" name="e" time="0.001"/>
  <system-out>
    <![CDATA[a method is work]]>
  </system-out>
  <testcase classname="testNGkeywords.PriorityKeywordStudy" name="d" time="0.000"/>
  <system-out>
    <![CDATA[d method is work]]>
  </system-out>
  <testcase classname="testNGkeywords.PriorityKeywordStudy" name="a" time="0.000"/>
  <system-out>
    <![CDATA[e method is work]]>
  </system-out>
  <testcase classname="testNGkeywords.PriorityKeywordStudy" name="c" time="0.001"/>
  <system-out>
    <![CDATA[c method is work]]>
  </system-out>
</testsuite> <!-- testNGkeywords.PriorityKeywordStudy -->
