<?xml version="1.0" encoding="UTF-8"?>
<!-- Generated by org.testng.reporters.JUnitReportReporter -->
<testsuite hostname="DESKTOP-QB5O9P3" failures="0" tests="2" name="testNGannotations.TestNGAnnotationEg2" time="0.009" errors="0" timestamp="2022-07-22T11:52:44 PDT" skipped="0">
  <testcase classname="testNGannotations.TestNGAnnotationEg2" name="smaple" time="0.002"/>
  <system-out>
    <![CDATA[sample method run seventh ]]>
  </system-out>
  <testcase classname="testNGannotations.TestNGAnnotationEg2" name="mymethod" time="0.007"/>
  <system-out>
    <![CDATA[mymetod run fourth ]]>
  </system-out>
</testsuite> <!-- testNGannotations.TestNGAnnotationEg2 -->
