<?xml version="1.0" encoding="UTF-8"?>
<!-- Generated by org.testng.reporters.JUnitReportReporter -->
<testsuite hostname="DESKTOP-QB5O9P3" failures="0" tests="9" name="testNGkeywords.InvocationCountKeywordStudy" time="0.008" errors="0" timestamp="2022-07-26T14:01:46 PDT" skipped="0">
  <testcase classname="testNGkeywords.InvocationCountKeywordStudy" name="d" time="0.001"/>
  <system-out>
    <![CDATA[d method is running]]>
  </system-out>
  <testcase classname="testNGkeywords.InvocationCountKeywordStudy" name="a" time="0.001"/>
  <system-out>
    <![CDATA[a method is running]]>
  </system-out>
  <testcase classname="testNGkeywords.InvocationCountKeywordStudy" name="e" time="0.001"/>
  <system-out>
    <![CDATA[e method is running]]>
  </system-out>
  <testcase classname="testNGkeywords.InvocationCountKeywordStudy" name="c" time="0.001"/>
  <system-out>
    <![CDATA[c method is running]]>
  </system-out>
  <testcase classname="testNGkeywords.InvocationCountKeywordStudy" name="a" time="0.001"/>
  <system-out>
    <![CDATA[a method is running]]>
  </system-out>
  <testcase classname="testNGkeywords.InvocationCountKeywordStudy" name="b" time="0.001"/>
  <system-out>
    <![CDATA[b method is running]]>
  </system-out>
  <testcase classname="testNGkeywords.InvocationCountKeywordStudy" name="a" time="0.001"/>
  <system-out>
    <![CDATA[a method is running]]>
  </system-out>
  <testcase classname="testNGkeywords.InvocationCountKeywordStudy" name="a" time="0.000"/>
  <system-out>
    <![CDATA[a method is running]]>
  </system-out>
  <testcase classname="testNGkeywords.InvocationCountKeywordStudy" name="a" time="0.001"/>
  <system-out>
    <![CDATA[a method is running]]>
  </system-out>
</testsuite> <!-- testNGkeywords.InvocationCountKeywordStudy -->
