<?xml version="1.0" encoding="UTF-8"?>
<!-- Generated by org.testng.reporters.JUnitReportReporter -->
<testsuite hostname="DESKTOP-QB5O9P3" failures="0" tests="1" name="testNGannotations.TestNGAnnotationsStudy" time="0.007" errors="0" timestamp="2022-07-22T11:44:08 PDT" skipped="0">
  <testcase classname="testNGannotations.TestNGAnnotationsStudy" name="mymethod" time="0.007"/>
  <system-out>
    <![CDATA[mymetod run fourth no]]>
  </system-out>
</testsuite> <!-- testNGannotations.TestNGAnnotationsStudy -->
