<?xml version="1.0" encoding="UTF-8"?>
<!-- Generated by org.testng.reporters.JUnitReportReporter -->
<testsuite hostname="DESKTOP-QB5O9P3" failures="0" tests="6" name="testNGkeywords.PriorityKeywordEg2" time="0.014" errors="0" timestamp="2022-07-26T14:01:46 PDT" skipped="0">
  <testcase classname="testNGkeywords.PriorityKeywordEg2" name="e" time="0.010"/>
  <system-out>
    <![CDATA[a method is work]]>
  </system-out>
  <testcase classname="testNGkeywords.PriorityKeywordEg2" name="b" time="0.001"/>
  <system-out>
    <![CDATA[b method is work]]>
  </system-out>
  <testcase classname="testNGkeywords.PriorityKeywordEg2" name="a" time="0.000"/>
  <system-out>
    <![CDATA[e method is work]]>
  </system-out>
  <testcase classname="testNGkeywords.PriorityKeywordEg2" name="d" time="0.001"/>
  <system-out>
    <![CDATA[d method is work]]>
  </system-out>
  <testcase classname="testNGkeywords.PriorityKeywordEg2" name="g" time="0.001"/>
  <system-out>
    <![CDATA[g method is work]]>
  </system-out>
  <testcase classname="testNGkeywords.PriorityKeywordEg2" name="c" time="0.001"/>
  <system-out>
    <![CDATA[c method is work]]>
  </system-out>
</testsuite> <!-- testNGkeywords.PriorityKeywordEg2 -->
