<?xml version="1.0" encoding="UTF-8"?>
<!-- Generated by org.testng.reporters.JUnitReportReporter -->
<testsuite hostname="DESKTOP-QB5O9P3" failures="0" tests="1" name="serialExecutionOfTest.NewTest1ForSerialExecution" time="4.601" errors="0" timestamp="2022-07-27T15:55:03 PDT" skipped="0">
  <testcase classname="serialExecutionOfTest.NewTest1ForSerialExecution" name="kitelaunch" time="4.601"/>
  <system-out>
    <![CDATA[First Kite Launch]]>
  </system-out>
</testsuite> <!-- serialExecutionOfTest.NewTest1ForSerialExecution -->
