<?xml version="1.0" encoding="UTF-8"?>
<!-- Generated by org.testng.reporters.JUnitReportReporter -->
<testsuite hostname="DESKTOP-QB5O9P3" failures="0" tests="3" name="serialExecutionOfTest.TestBSerialExecutionOfTC" time="0.003" errors="0" timestamp="2022-07-27T16:33:54 PDT" skipped="0">
  <testcase classname="serialExecutionOfTest.TestBSerialExecutionOfTC" name="d" time="0.001"/>
  <system-out>
    <![CDATA[d is run]]>
  </system-out>
  <testcase classname="serialExecutionOfTest.TestBSerialExecutionOfTC" name="f" time="0.001"/>
  <system-out>
    <![CDATA[f is run]]>
  </system-out>
  <testcase classname="serialExecutionOfTest.TestBSerialExecutionOfTC" name="e" time="0.001"/>
  <system-out>
    <![CDATA[e is run]]>
  </system-out>
</testsuite> <!-- serialExecutionOfTest.TestBSerialExecutionOfTC -->
