<?xml version="1.0" encoding="UTF-8"?>
<!-- Generated by org.testng.reporters.JUnitReportReporter -->
<testsuite hostname="DESKTOP-QB5O9P3" failures="0" tests="4" name="testNGkeywords.DependsOnMethodKeywordStudy" time="0.012" errors="0" timestamp="2022-07-24T07:26:48 PDT" skipped="0">
  <testcase classname="testNGkeywords.DependsOnMethodKeywordStudy" name="customer" time="0.001"/>
  <system-out>
    <![CDATA[Customer is one test case]]>
  </system-out>
  <testcase classname="testNGkeywords.DependsOnMethodKeywordStudy" name="username" time="0.009"/>
  <system-out>
    <![CDATA[Username is one test case]]>
  </system-out>
  <testcase classname="testNGkeywords.DependsOnMethodKeywordStudy" name="bank" time="0.001"/>
  <system-out>
    <![CDATA[Bank is one test case]]>
  </system-out>
  <testcase classname="testNGkeywords.DependsOnMethodKeywordStudy" name="pin" time="0.001"/>
  <system-out>
    <![CDATA[PIN is one test case]]>
  </system-out>
</testsuite> <!-- testNGkeywords.DependsOnMethodKeywordStudy -->
