<?xml version="1.0" encoding="UTF-8"?>
<!-- Generated by org.testng.reporters.JUnitReportReporter -->
<testsuite hostname="DESKTOP-QB5O9P3" failures="0" tests="1" name="parellelExecutionOfTest.NewTest1ForParellelExecution" time="5.103" errors="0" timestamp="2022-07-27T16:02:21 PDT" skipped="0">
  <testcase classname="parellelExecutionOfTest.NewTest1ForParellelExecution" name="kitelaunch" time="5.103"/>
  <system-out>
    <![CDATA[First Kite Launch]]>
  </system-out>
</testsuite> <!-- parellelExecutionOfTest.NewTest1ForParellelExecution -->
