<?xml version="1.0" encoding="UTF-8"?>
<!-- Generated by org.testng.reporters.JUnitReportReporter -->
<testsuite hostname="DESKTOP-QB5O9P3" failures="0" tests="1" name="AssertStudyInTestNG.AssertEqualsAndNotEquals" time="13.910" errors="0" timestamp="2022-07-28T14:36:38 PDT" skipped="0">
  <testcase classname="AssertStudyInTestNG.AssertEqualsAndNotEquals" name="validatekiteUID" time="13.910"/>
  <system-out/>
</testsuite> <!-- AssertStudyInTestNG.AssertEqualsAndNotEquals -->
