<?xml version="1.0" encoding="UTF-8"?>
<!-- Generated by org.testng.reporters.JUnitReportReporter -->
<testsuite hostname="DESKTOP-QB5O9P3" failures="0" tests="3" name="serialExecutionOfTest.TestASrialexecutionOfTC" time="0.011" errors="0" timestamp="2022-07-27T16:33:54 PDT" skipped="0">
  <testcase classname="serialExecutionOfTest.TestASrialexecutionOfTC" name="c" time="0.001"/>
  <system-out>
    <![CDATA[c is run]]>
  </system-out>
  <testcase classname="serialExecutionOfTest.TestASrialexecutionOfTC" name="a" time="0.009"/>
  <system-out>
    <![CDATA[a is run]]>
  </system-out>
  <testcase classname="serialExecutionOfTest.TestASrialexecutionOfTC" name="b" time="0.001"/>
  <system-out>
    <![CDATA[b is run]]>
  </system-out>
</testsuite> <!-- serialExecutionOfTest.TestASrialexecutionOfTC -->
