<?xml version="1.0" encoding="UTF-8"?>
<!-- Generated by org.testng.reporters.JUnitReportReporter -->
<testsuite hostname="DESKTOP-QB5O9P3" failures="0" tests="5" name="testNGkeywords.DependOnMethod" time="0.012" errors="0" timestamp="2022-07-26T12:48:28 PDT" skipped="0">
  <testcase classname="testNGkeywords.DependOnMethod" name="d" time="0.010"/>
  <system-out>
    <![CDATA[d]]>
  </system-out>
  <testcase classname="testNGkeywords.DependOnMethod" name="e" time="0.000"/>
  <system-out>
    <![CDATA[e]]>
  </system-out>
  <testcase classname="testNGkeywords.DependOnMethod" name="f" time="0.000"/>
  <system-out>
    <![CDATA[f]]>
  </system-out>
  <testcase classname="testNGkeywords.DependOnMethod" name="g" time="0.001"/>
  <system-out>
    <![CDATA[g]]>
  </system-out>
  <testcase classname="testNGkeywords.DependOnMethod" name="a" time="0.001"/>
  <system-out>
    <![CDATA[a]]>
  </system-out>
</testsuite> <!-- testNGkeywords.DependOnMethod -->
