<?xml version="1.0" encoding="UTF-8"?>
<!-- Generated by org.testng.reporters.JUnitReportReporter -->
<testsuite hostname="DESKTOP-QB5O9P3" failures="0" tests="1" name="testSuiteStudyToRunMultipleMethodsInMultipleClass.NewTest2" time="0.002" errors="0" timestamp="2022-07-27T13:54:32 PDT" skipped="0">
  <testcase classname="testSuiteStudyToRunMultipleMethodsInMultipleClass.NewTest2" name="c" time="0.002"/>
  <system-out>
    <![CDATA[c is run]]>
  </system-out>
</testsuite> <!-- testSuiteStudyToRunMultipleMethodsInMultipleClass.NewTest2 -->
