<?xml version="1.0" encoding="UTF-8"?>
<!-- Generated by org.testng.reporters.JUnitReportReporter -->
<testsuite hostname="DESKTOP-QB5O9P3" failures="0" tests="4" name="parellelExecutionOfTest.TestAParallelExecutionOfTC" time="0.013" errors="0" timestamp="2022-07-27T16:33:13 PDT" skipped="0">
  <testcase classname="parellelExecutionOfTest.TestAParallelExecutionOfTC" name="c" time="0.001"/>
  <system-out>
    <![CDATA[c is run]]>
  </system-out>
  <testcase classname="parellelExecutionOfTest.TestAParallelExecutionOfTC" name="b" time="0.001"/>
  <system-out>
    <![CDATA[b is run]]>
  </system-out>
  <testcase classname="parellelExecutionOfTest.TestAParallelExecutionOfTC" name="a" time="0.009"/>
  <system-out>
    <![CDATA[a is run]]>
  </system-out>
  <testcase classname="parellelExecutionOfTest.TestAParallelExecutionOfTC" name="d" time="0.002"/>
  <system-out>
    <![CDATA[d is run]]>
  </system-out>
</testsuite> <!-- parellelExecutionOfTest.TestAParallelExecutionOfTC -->
