<?xml version="1.0" encoding="UTF-8"?>
<!-- Generated by org.testng.reporters.JUnitReportReporter -->
<testsuite hostname="DESKTOP-QB5O9P3" failures="0" tests="1" name="testSuiteStudyToRunMultipleMethodsInMultipleClass.NewTest1" time="0.010" errors="0" timestamp="2022-07-27T13:54:32 PDT" skipped="0">
  <testcase classname="testSuiteStudyToRunMultipleMethodsInMultipleClass.NewTest1" name="demo" time="0.010"/>
  <system-out>
    <![CDATA[demo is run]]>
  </system-out>
</testsuite> <!-- testSuiteStudyToRunMultipleMethodsInMultipleClass.NewTest1 -->
