<?xml version="1.0" encoding="UTF-8"?>
<!-- Generated by org.testng.reporters.JUnitReportReporter -->
<testsuite hostname="DESKTOP-QB5O9P3" failures="0" tests="1" name="testngstudy.TestNGEg1" time="3.947" errors="0" timestamp="2022-07-21T13:18:48 PDT" skipped="0">
  <testcase classname="testngstudy.TestNGEg1" name="kitelogin" time="3.947"/>
  <system-out/>
</testsuite> <!-- testngstudy.TestNGEg1 -->
