<?xml version="1.0" encoding="UTF-8"?>
<!-- Generated by org.testng.reporters.JUnitReportReporter -->
<testsuite hostname="DESKTOP-QB5O9P3" failures="0" tests="8" name="testNGkeywords.UseMultipleKeywords" time="0.018" errors="0" timestamp="2022-07-24T07:31:39 PDT" skipped="0">
  <testcase classname="testNGkeywords.UseMultipleKeywords" name="accept" time="0.010"/>
  <system-out>
    <![CDATA[accept is a Test case]]>
  </system-out>
  <testcase classname="testNGkeywords.UseMultipleKeywords" name="test" time="0.001"/>
  <system-out>
    <![CDATA[test is a Test case]]>
  </system-out>
  <testcase classname="testNGkeywords.UseMultipleKeywords" name="demo" time="0.001"/>
  <system-out>
    <![CDATA[demo is a Test case]]>
  </system-out>
  <testcase classname="testNGkeywords.UseMultipleKeywords" name="test" time="0.001"/>
  <system-out>
    <![CDATA[test is a Test case]]>
  </system-out>
  <testcase classname="testNGkeywords.UseMultipleKeywords" name="learn" time="0.000"/>
  <system-out>
    <![CDATA[learn is a Test case]]>
  </system-out>
  <testcase classname="testNGkeywords.UseMultipleKeywords" name="test" time="0.002"/>
  <system-out>
    <![CDATA[test is a Test case]]>
  </system-out>
  <testcase classname="testNGkeywords.UseMultipleKeywords" name="sample" time="0.001"/>
  <system-out>
    <![CDATA[Sample is a Test case]]>
  </system-out>
  <testcase classname="testNGkeywords.UseMultipleKeywords" name="test" time="0.002"/>
  <system-out>
    <![CDATA[test is a Test case]]>
  </system-out>
</testsuite> <!-- testNGkeywords.UseMultipleKeywords -->
